<?xml version="1.0" encoding="UTF-8"?>
<testsuite name="Regression Test"
           tests="2"
           failures="0"
           errors="0"
           skipped="0"
           time="25.491">
  <properties />
  
  
            <testcase name="TheProductAddedSuccessfullyAndPlaceOrderSuccessfully" time="22.064" classname="com.nopcommece.testsuite.ElectronicsPageTest" />
                <testcase name="verifyUserShouldNavigateToCellPhonesPageSuccessfully" time="3.427" classname="com.nopcommece.testsuite.ElectronicsPageTest" />
      
</testsuite>
